INFO     Python 3.11.9
INFO     Pyarmor 9.2.3 (trial), 000000, non-profits
INFO     Platform darwin.aarch64
INFO     search inputs ...
INFO     find script credentials/admin_manage_installations.py
INFO     find script credentials/bootstrap_installations_table.py
INFO     find script credentials/register_installation.py
INFO     find script main.py
INFO     find script src/core/auth.py
INFO     find script src/core/license_guard.py
INFO     find script src/core/local_config.py
INFO     find script src/core/localization.py
INFO     find script src/core/pharmacy_auth.py
INFO     find script src/core/supabase_manager.py
INFO     find script src/core/system_update_manager.py
INFO     find script src/database/db_manager.py
INFO     find script src/standalone/__init__.py
INFO     find script src/standalone/activation_tool.py
INFO     find script src/standalone/inventory_update_tool.py
INFO     find script src/ui/apply_button_styles.py
INFO     find script src/ui/apply_table_styles.py
INFO     find script src/ui/button_styles.py
INFO     find script src/ui/dialogs/add_pharmacy_item_dialog.py
INFO     find script src/ui/dialogs/create_user_dialog.py
INFO     find script src/ui/form_styles.py
INFO     find script src/ui/main_window.py
INFO     find script src/ui/pharmacy_window.py
INFO     find script src/ui/styles.py
INFO     find script src/ui/table_styles.py
INFO     find script src/ui/theme_manager.py
INFO     find script src/ui/views/credentials_view.py
INFO     find script src/ui/views/customer_view.py
INFO     find script src/ui/views/dashboard_view.py
INFO     find script src/ui/views/finance_view.py
INFO     find script src/ui/views/inventory_view.py
INFO     find script src/ui/views/loan_view.py
INFO     find script src/ui/views/login_view.py
INFO     find script src/ui/views/onboarding/connectivity_gate.py
INFO     find script src/ui/views/onboarding/create_account_stepper.py
INFO     find script src/ui/views/onboarding/locked_window.py
INFO     find script src/ui/views/onboarding/login_window.py
INFO     find script src/ui/views/pharmacy/__init__.py
INFO     find script src/ui/views/pharmacy/pharmacy_customer_view.py
INFO     find script src/ui/views/pharmacy/pharmacy_dashboard_view.py
INFO     find 40 top resources
INFO     start to generate runtime files
INFO     target platforms {'darwin.arm64'}
INFO     write /Users/apple/Documents/GitHub/POS_system/platform/macos/macos_secured_dist/pyarmor_runtime_000000/pyarmor_runtime.so
INFO     generate runtime files OK
INFO     start to obfuscate scripts
INFO     process resource "admin_manage_installations"
INFO     obfuscating file admin_manage_installations.py
INFO     write /Users/apple/Documents/GitHub/POS_system/platform/macos/macos_secured_dist/admin_manage_installations.py
INFO     process resource "bootstrap_installations_table"
INFO     obfuscating file bootstrap_installations_table.py
INFO     write /Users/apple/Documents/GitHub/POS_system/platform/macos/macos_secured_dist/bootstrap_installations_table.py
INFO     process resource "register_installation"
INFO     obfuscating file register_installation.py
INFO     write /Users/apple/Documents/GitHub/POS_system/platform/macos/macos_secured_dist/register_installation.py
INFO     process resource "main"
INFO     obfuscating file main.py
INFO     write /Users/apple/Documents/GitHub/POS_system/platform/macos/macos_secured_dist/main.py
INFO     process resource "auth"
INFO     obfuscating file auth.py
INFO     write /Users/apple/Documents/GitHub/POS_system/platform/macos/macos_secured_dist/auth.py
INFO     process resource "license_guard"
INFO     obfuscating file license_guard.py
INFO     write /Users/apple/Documents/GitHub/POS_system/platform/macos/macos_secured_dist/license_guard.py
INFO     process resource "local_config"
INFO     obfuscating file local_config.py
INFO     write /Users/apple/Documents/GitHub/POS_system/platform/macos/macos_secured_dist/local_config.py
INFO     process resource "localization"
INFO     obfuscating file localization.py
INFO     write /Users/apple/Documents/GitHub/POS_system/platform/macos/macos_secured_dist/localization.py
INFO     process resource "pharmacy_auth"
INFO     obfuscating file pharmacy_auth.py
INFO     write /Users/apple/Documents/GitHub/POS_system/platform/macos/macos_secured_dist/pharmacy_auth.py
INFO     process resource "supabase_manager"
INFO     obfuscating file supabase_manager.py
INFO     write /Users/apple/Documents/GitHub/POS_system/platform/macos/macos_secured_dist/supabase_manager.py
INFO     process resource "system_update_manager"
INFO     obfuscating file system_update_manager.py
INFO     write /Users/apple/Documents/GitHub/POS_system/platform/macos/macos_secured_dist/system_update_manager.py
INFO     process resource "db_manager"
INFO     obfuscating file db_manager.py
INFO     write /Users/apple/Documents/GitHub/POS_system/platform/macos/macos_secured_dist/db_manager.py
INFO     process resource "__init__"
INFO     obfuscating file __init__.py
INFO     write /Users/apple/Documents/GitHub/POS_system/platform/macos/macos_secured_dist/__init__.py
INFO     process resource "activation_tool"
INFO     obfuscating file activation_tool.py
INFO     write /Users/apple/Documents/GitHub/POS_system/platform/macos/macos_secured_dist/activation_tool.py
INFO     process resource "inventory_update_tool"
INFO     obfuscating file inventory_update_tool.py
INFO     write /Users/apple/Documents/GitHub/POS_system/platform/macos/macos_secured_dist/inventory_update_tool.py
INFO     process resource "apply_button_styles"
INFO     obfuscating file apply_button_styles.py
INFO     write /Users/apple/Documents/GitHub/POS_system/platform/macos/macos_secured_dist/apply_button_styles.py
INFO     process resource "apply_table_styles"
INFO     obfuscating file apply_table_styles.py
INFO     write /Users/apple/Documents/GitHub/POS_system/platform/macos/macos_secured_dist/apply_table_styles.py
INFO     process resource "button_styles"
INFO     obfuscating file button_styles.py
INFO     write /Users/apple/Documents/GitHub/POS_system/platform/macos/macos_secured_dist/button_styles.py
INFO     process resource "add_pharmacy_item_dialog"
INFO     obfuscating file add_pharmacy_item_dialog.py
INFO     write /Users/apple/Documents/GitHub/POS_system/platform/macos/macos_secured_dist/add_pharmacy_item_dialog.py
INFO     process resource "create_user_dialog"
INFO     obfuscating file create_user_dialog.py
INFO     write /Users/apple/Documents/GitHub/POS_system/platform/macos/macos_secured_dist/create_user_dialog.py
INFO     process resource "form_styles"
INFO     obfuscating file form_styles.py
INFO     write /Users/apple/Documents/GitHub/POS_system/platform/macos/macos_secured_dist/form_styles.py
INFO     process resource "main_window"
INFO     obfuscating file main_window.py
INFO     write /Users/apple/Documents/GitHub/POS_system/platform/macos/macos_secured_dist/main_window.py
INFO     process resource "pharmacy_window"
INFO     obfuscating file pharmacy_window.py
INFO     write /Users/apple/Documents/GitHub/POS_system/platform/macos/macos_secured_dist/pharmacy_window.py
INFO     process resource "styles"
INFO     obfuscating file styles.py
INFO     write /Users/apple/Documents/GitHub/POS_system/platform/macos/macos_secured_dist/styles.py
INFO     process resource "table_styles"
INFO     obfuscating file table_styles.py
INFO     write /Users/apple/Documents/GitHub/POS_system/platform/macos/macos_secured_dist/table_styles.py
INFO     process resource "theme_manager"
INFO     obfuscating file theme_manager.py
INFO     write /Users/apple/Documents/GitHub/POS_system/platform/macos/macos_secured_dist/theme_manager.py
INFO     process resource "credentials_view"
INFO     obfuscating file credentials_view.py
INFO     write /Users/apple/Documents/GitHub/POS_system/platform/macos/macos_secured_dist/credentials_view.py
INFO     process resource "customer_view"
INFO     obfuscating file customer_view.py
INFO     write /Users/apple/Documents/GitHub/POS_system/platform/macos/macos_secured_dist/customer_view.py
INFO     process resource "dashboard_view"
INFO     obfuscating file dashboard_view.py
INFO     write /Users/apple/Documents/GitHub/POS_system/platform/macos/macos_secured_dist/dashboard_view.py
INFO     process resource "finance_view"
INFO     obfuscating file finance_view.py
INFO     write /Users/apple/Documents/GitHub/POS_system/platform/macos/macos_secured_dist/finance_view.py
INFO     process resource "inventory_view"
INFO     obfuscating file inventory_view.py
ERROR    out of license
Traceback (most recent call last):
  File "/Users/apple/Documents/GitHub/POS_system/platform/macos/scripts/protect_macos_source.py", line 143, in <module>
    run_batch(batch_num, batch, is_first=(i == 0))
  File "/Users/apple/Documents/GitHub/POS_system/platform/macos/scripts/protect_macos_source.py", line 57, in run_batch
    subprocess.check_call(cmd, cwd=str(SOURCE_DIR))
  File "/Library/Frameworks/Python.framework/Versions/3.11/lib/python3.11/subprocess.py", line 413, in check_call
    raise CalledProcessError(retcode, cmd)
subprocess.CalledProcessError: Command '['/Users/apple/Documents/GitHub/POS_system/.venv/bin/pyarmor', 'gen', '-O', '/Users/apple/Documents/GitHub/POS_system/platform/macos/macos_secured_dist', 'credentials/admin_manage_installations.py', 'credentials/bootstrap_installations_table.py', 'credentials/register_installation.py', 'main.py', 'src/core/auth.py', 'src/core/license_guard.py', 'src/core/local_config.py', 'src/core/localization.py', 'src/core/pharmacy_auth.py', 'src/core/supabase_manager.py', 'src/core/system_update_manager.py', 'src/database/db_manager.py', 'src/standalone/__init__.py', 'src/standalone/activation_tool.py', 'src/standalone/inventory_update_tool.py', 'src/ui/apply_button_styles.py', 'src/ui/apply_table_styles.py', 'src/ui/button_styles.py', 'src/ui/dialogs/add_pharmacy_item_dialog.py', 'src/ui/dialogs/create_user_dialog.py', 'src/ui/form_styles.py', 'src/ui/main_window.py', 'src/ui/pharmacy_window.py', 'src/ui/styles.py', 'src/ui/table_styles.py', 'src/ui/theme_manager.py', 'src/ui/views/credentials_view.py', 'src/ui/views/customer_view.py', 'src/ui/views/dashboard_view.py', 'src/ui/views/finance_view.py', 'src/ui/views/inventory_view.py', 'src/ui/views/loan_view.py', 'src/ui/views/login_view.py', 'src/ui/views/onboarding/connectivity_gate.py', 'src/ui/views/onboarding/create_account_stepper.py', 'src/ui/views/onboarding/locked_window.py', 'src/ui/views/onboarding/login_window.py', 'src/ui/views/pharmacy/__init__.py', 'src/ui/views/pharmacy/pharmacy_customer_view.py', 'src/ui/views/pharmacy/pharmacy_dashboard_view.py']' returned non-zero exit status 2.
🚀 Found 70 Python files to protect.

🍎 Processing Batch 1 (40 files)...
   - Obfuscating 40 files into macos_secured_dist...

❌ Error during protection: Command '['/Users/apple/Documents/GitHub/POS_system/.venv/bin/pyarmor', 'gen', '-O', '/Users/apple/Documents/GitHub/POS_system/platform/macos/macos_secured_dist', 'credentials/admin_manage_installations.py', 'credentials/bootstrap_installations_table.py', 'credentials/register_installation.py', 'main.py', 'src/core/auth.py', 'src/core/license_guard.py', 'src/core/local_config.py', 'src/core/localization.py', 'src/core/pharmacy_auth.py', 'src/core/supabase_manager.py', 'src/core/system_update_manager.py', 'src/database/db_manager.py', 'src/standalone/__init__.py', 'src/standalone/activation_tool.py', 'src/standalone/inventory_update_tool.py', 'src/ui/apply_button_styles.py', 'src/ui/apply_table_styles.py', 'src/ui/button_styles.py', 'src/ui/dialogs/add_pharmacy_item_dialog.py', 'src/ui/dialogs/create_user_dialog.py', 'src/ui/form_styles.py', 'src/ui/main_window.py', 'src/ui/pharmacy_window.py', 'src/ui/styles.py', 'src/ui/table_styles.py', 'src/ui/theme_manager.py', 'src/ui/views/credentials_view.py', 'src/ui/views/customer_view.py', 'src/ui/views/dashboard_view.py', 'src/ui/views/finance_view.py', 'src/ui/views/inventory_view.py', 'src/ui/views/loan_view.py', 'src/ui/views/login_view.py', 'src/ui/views/onboarding/connectivity_gate.py', 'src/ui/views/onboarding/create_account_stepper.py', 'src/ui/views/onboarding/locked_window.py', 'src/ui/views/onboarding/login_window.py', 'src/ui/views/pharmacy/__init__.py', 'src/ui/views/pharmacy/pharmacy_customer_view.py', 'src/ui/views/pharmacy/pharmacy_dashboard_view.py']' returned non-zero exit status 2.
