2026-01-09 22:47:02,234 - INFO - User admin logged in successfully
2026-01-09 22:50:19,015 - INFO - User admin logged in successfully
2026-01-09 22:51:23,313 - INFO - User admin logged in successfully
2026-01-09 22:52:07,858 - INFO - User admin logged in successfully
2026-01-09 22:53:23,497 - INFO - User admin logged in successfully
2026-01-09 23:00:11,997 - INFO - User admin logged in successfully
2026-01-09 23:06:54,830 - INFO - User admin logged in successfully
2026-01-09 23:09:15,082 - INFO - User admin logged in successfully
2026-01-09 23:22:07,526 - INFO - User admin logged in successfully
2026-01-09 23:24:38,460 - INFO - User admin logged in successfully
2026-01-09 23:24:53,828 - INFO - User admin logged in successfully
2026-01-09 23:27:31,310 - INFO - User admin logged in successfully
2026-01-09 23:32:55,006 - INFO - User admin logged out
2026-01-09 23:33:03,960 - INFO - User sales logged in successfully
2026-01-09 23:33:24,756 - INFO - User sales logged out
2026-01-09 23:33:34,776 - INFO - User manager logged in successfully
2026-01-09 23:40:50,976 - INFO - User pricecheck logged in successfully
2026-01-09 23:44:34,711 - INFO - User pricecheck logged in successfully
2026-01-10 13:45:24,473 - INFO - User admin logged in successfully
2026-01-10 13:57:26,039 - INFO - User pricecheck logged in successfully
2026-01-10 13:59:46,397 - INFO - User pricecheck logged out
2026-01-10 14:02:37,436 - INFO - User sales logged in successfully
2026-01-10 14:03:17,761 - INFO - User sales logged out
2026-01-10 14:03:27,318 - INFO - User manager logged in successfully
2026-01-10 14:03:59,515 - INFO - User manager logged out
2026-01-10 14:46:40,069 - INFO - User admin logged in successfully
2026-01-10 14:50:44,362 - INFO - User admin logged out
2026-01-10 14:50:51,751 - INFO - Failed login attempt for user: sales
2026-01-10 14:50:58,136 - INFO - User sales logged in successfully
2026-01-10 14:51:08,813 - INFO - User sales logged out
2026-01-10 14:51:15,650 - INFO - User manager logged in successfully
2026-01-10 14:51:48,211 - INFO - User manager logged out
2026-01-10 15:30:28,895 - INFO - User admin logged in successfully
2026-01-10 15:46:13,605 - INFO - User admin logged out
2026-01-10 15:46:41,602 - INFO - Failed login attempt for user: checkprice
2026-01-10 15:46:57,101 - INFO - Failed login attempt for user: checkprice
2026-01-10 15:48:15,708 - INFO - User pricecheck logged in successfully
2026-01-10 15:48:34,136 - INFO - User pricecheck logged out
2026-01-10 15:48:41,406 - INFO - Failed login attempt for user: sales
2026-01-10 15:48:45,840 - INFO - User sales logged in successfully
2026-01-10 15:49:39,887 - INFO - User sales logged out
2026-01-10 15:49:46,489 - INFO - User manager logged in successfully
2026-01-10 15:50:18,835 - INFO - User manager logged out
2026-01-10 15:50:26,472 - INFO - User admin logged in successfully
2026-01-10 15:51:11,369 - INFO - User admin logged out
2026-01-10 15:51:19,170 - INFO - User admin logged in successfully
2026-01-10 19:57:52,167 - INFO - User admin logged in successfully
2026-01-10 20:09:11,950 - INFO - User admin logged in successfully
2026-01-10 20:39:27,335 - INFO - User admin logged in successfully
2026-01-10 20:46:39,215 - INFO - User admin logged in successfully
2026-01-10 20:50:48,424 - INFO - User admin logged in successfully
2026-01-10 20:55:45,834 - INFO - User admin logged in successfully
2026-01-10 23:06:20,194 - INFO - User admin logged in successfully
2026-01-10 23:06:35,939 - INFO - User admin logged out
2026-01-10 23:06:41,248 - INFO - Failed login attempt for user: sales
2026-01-10 23:06:44,429 - INFO - User sales logged in successfully
2026-01-10 23:07:57,522 - INFO - User sales logged out
2026-01-10 23:08:06,786 - INFO - Failed login attempt for user: checkprice
2026-01-10 23:08:10,489 - INFO - Failed login attempt for user: checkprice
2026-01-10 23:08:14,223 - INFO - Failed login attempt for user: checkprice
2026-01-10 23:08:45,863 - INFO - User pricecheck logged in successfully
2026-01-10 23:08:54,758 - INFO - User pricecheck logged out
2026-01-10 23:09:02,998 - INFO - User admin logged in successfully
2026-01-10 23:22:01,688 - INFO - User admin logged in successfully
2026-01-10 23:22:17,819 - INFO - User admin logged out
2026-01-10 23:22:24,330 - INFO - User sales logged in successfully
2026-01-10 23:22:35,086 - INFO - User sales logged out
2026-01-10 23:41:27,200 - INFO - User admin logged in successfully
2026-01-11 00:09:42,645 - INFO - User admin logged in successfully
2026-01-11 00:12:26,758 - INFO - User superadmin logged in successfully
2026-01-11 00:17:06,617 - INFO - User superadmin logged in successfully
2026-01-11 00:32:33,015 - INFO - User superadmin logged out
2026-01-11 00:51:35,630 - INFO - User admin logged in successfully
2026-01-11 14:11:01,242 - INFO - User admin logged in successfully
2026-01-11 14:11:12,778 - INFO - User admin logged out
2026-01-11 14:11:49,711 - INFO - User sales logged in successfully
2026-01-11 14:12:57,977 - INFO - User sales logged out
2026-01-11 14:13:03,866 - INFO - User admin logged in successfully
2026-01-11 14:17:38,742 - INFO - User admin logged out
2026-01-11 14:17:51,255 - INFO - Failed login attempt for user: superuser
2026-01-11 14:19:03,516 - INFO - Failed login attempt for user: superuser
2026-01-11 14:19:17,267 - INFO - User superadmin logged in successfully
2026-01-11 14:26:07,991 - INFO - User superadmin logged out
2026-01-11 14:27:31,404 - INFO - User superadmin logged in successfully
2026-01-11 14:28:45,307 - INFO - User superadmin logged out
2026-01-11 14:35:55,103 - INFO - User admin logged in successfully
2026-01-11 15:54:29,703 - INFO - Failed login attempt for user: 
2026-01-11 15:56:01,001 - INFO - Failed login attempt for user: 
2026-01-11 15:57:19,870 - INFO - Failed login attempt for user: 
2026-01-11 15:58:02,469 - INFO - Failed login attempt for user: 
2026-01-11 15:58:52,455 - INFO - Failed login attempt for user: 
2026-01-11 15:58:57,946 - INFO - User admin logged in successfully
2026-01-11 16:00:48,154 - INFO - Failed login attempt for user: 
2026-01-11 16:04:20,288 - INFO - Failed login attempt for user: 
2026-01-11 16:06:10,545 - INFO - User admin logged in successfully
2026-01-11 16:13:35,017 - INFO - User admin logged in successfully
2026-01-11 16:14:20,849 - INFO - User admin logged in successfully
2026-01-11 16:16:35,111 - INFO - User admin logged in successfully
2026-01-11 16:17:17,688 - INFO - User admin logged in successfully
2026-01-11 16:20:53,103 - INFO - User admin logged in successfully
2026-01-11 16:32:12,032 - INFO - User admin logged in successfully
2026-01-11 16:37:59,130 - INFO - User admin logged in successfully
2026-01-11 16:43:42,480 - INFO - User admin logged in successfully
2026-01-11 16:49:44,231 - INFO - User admin logged in successfully
2026-01-11 16:51:47,024 - INFO - User admin logged out
2026-01-11 16:51:52,984 - INFO - User manager logged in successfully
2026-01-11 16:55:01,302 - INFO - User manager logged out
2026-01-11 16:55:14,113 - INFO - User superadmin logged in successfully
2026-01-11 16:59:22,853 - INFO - User admin logged in successfully
2026-01-11 17:01:58,279 - INFO - User admin logged in successfully
2026-01-11 17:15:16,050 - INFO - User admin logged in successfully
2026-01-11 17:17:21,306 - INFO - User admin logged in successfully
2026-01-11 17:20:01,822 - INFO - User admin logged in successfully
2026-01-11 17:21:19,611 - INFO - User admin logged out
2026-01-11 17:21:32,192 - INFO - User superadmin logged in successfully
2026-01-11 17:21:34,560 - INFO - User admin logged out
2026-01-11 17:21:45,773 - INFO - User superadmin logged in successfully
2026-01-11 18:56:25,654 - INFO - User admin logged in successfully
2026-01-11 19:19:53,596 - INFO - User admin logged in successfully
2026-01-11 20:28:28,212 - INFO - User admin logged in successfully
2026-01-11 20:28:53,702 - INFO - User admin logged in successfully
2026-01-11 20:31:17,993 - INFO - User admin logged in successfully
2026-01-11 20:35:17,561 - INFO - User admin logged in successfully
2026-01-11 21:07:49,810 - INFO - User admin logged out
2026-01-11 21:07:59,141 - INFO - User admin logged in successfully
2026-01-11 21:14:26,846 - INFO - User admin logged in successfully
2026-01-11 21:22:42,862 - INFO - User admin logged in successfully
2026-01-11 21:23:49,369 - INFO - User admin logged in successfully
2026-01-11 21:26:01,569 - INFO - User admin logged in successfully
2026-01-11 21:26:35,224 - INFO - User admin logged in successfully
2026-01-11 21:27:13,502 - INFO - User admin logged in successfully
2026-01-11 21:39:04,058 - INFO - User admin logged in successfully
2026-01-13 01:18:52,355 - INFO - User admin logged in successfully
2026-01-13 01:39:59,988 - INFO - Failed login attempt for user: admin
2026-01-13 01:40:04,094 - INFO - User admin logged in successfully
2026-01-13 01:44:30,212 - INFO - User admin logged in successfully
2026-01-13 01:54:12,614 - INFO - User admin logged in successfully
2026-01-13 01:57:17,153 - INFO - User admin logged in successfully
2026-01-13 01:58:19,548 - INFO - User admin logged in successfully
2026-01-13 02:03:17,214 - INFO - User admin logged in successfully
2026-01-13 02:11:02,853 - INFO - User admin logged in successfully
2026-01-13 05:24:54,717 - INFO - User admin logged in successfully
2026-01-13 14:09:50,718 - INFO - User admin logged in successfully
2026-01-13 14:11:03,042 - INFO - User admin logged out
2026-01-13 14:11:15,879 - INFO - User admin logged in successfully
2026-01-13 14:12:39,315 - INFO - User admin logged out
2026-01-13 14:12:48,705 - INFO - User sales logged in successfully
2026-01-13 14:13:21,492 - INFO - User sales logged out
2026-01-13 14:13:26,171 - INFO - User admin logged in successfully
2026-01-13 14:15:39,943 - INFO - User admin logged out
2026-01-13 14:17:38,587 - INFO - User admin logged in successfully
2026-01-13 14:24:55,657 - INFO - User admin logged out
2026-01-13 14:25:04,825 - INFO - User admin logged in successfully
2026-01-13 15:49:31,608 - INFO - User admin logged out
2026-01-13 15:49:57,268 - INFO - User admin logged in successfully
2026-01-13 15:55:09,628 - INFO - User admin logged out
2026-01-13 16:10:41,775 - INFO - User admin logged in successfully
2026-01-13 16:14:18,319 - INFO - User admin logged out
2026-01-13 16:50:04,124 - INFO - User admin logged in successfully
2026-01-13 20:03:46,320 - INFO - User admin logged in successfully
2026-01-13 20:11:51,140 - INFO - User admin logged in successfully
2026-01-13 20:13:50,699 - INFO - User admin logged in successfully
2026-01-13 20:14:30,801 - INFO - User admin logged in successfully
2026-01-13 20:22:29,774 - INFO - User admin logged in successfully
2026-01-13 20:50:06,437 - INFO - User admin logged in successfully
2026-01-13 20:58:34,450 - INFO - User admin logged in successfully
2026-01-13 21:00:55,296 - INFO - User admin logged in successfully
2026-01-13 21:01:12,451 - INFO - User admin logged in successfully
2026-01-13 21:17:14,888 - INFO - User superadmin logged in successfully
2026-01-13 21:46:23,455 - INFO - User superadmin logged out
2026-01-13 21:46:48,504 - INFO - User superadmin logged in successfully
2026-01-13 21:59:10,044 - INFO - User admin logged in successfully
2026-01-13 22:03:53,687 - INFO - User admin logged in successfully
2026-01-13 22:06:40,436 - INFO - User admin logged in successfully
2026-01-13 22:09:04,015 - INFO - User admin logged in successfully
2026-01-13 22:09:49,692 - INFO - User admin logged in successfully
2026-01-13 22:15:50,291 - INFO - User admin logged in successfully
2026-01-13 22:16:41,812 - INFO - User admin logged in successfully
2026-01-13 22:17:26,979 - INFO - User admin logged in successfully
2026-01-13 22:22:00,460 - INFO - User admin logged in successfully
2026-01-13 22:22:38,807 - INFO - User admin logged in successfully
2026-01-13 22:23:22,437 - INFO - User admin logged in successfully
2026-01-13 22:29:53,267 - INFO - User admin logged out
2026-01-13 22:30:07,032 - INFO - Failed login attempt for user: superadmin
2026-01-13 22:30:21,345 - INFO - User superadmin logged in successfully
2026-01-13 22:37:36,961 - INFO - User admin logged in successfully
2026-01-13 22:38:49,052 - INFO - User admin logged in successfully
2026-01-13 22:43:20,908 - INFO - User admin logged in successfully
2026-01-13 22:49:13,063 - INFO - User admin logged in successfully
2026-01-13 22:53:05,780 - INFO - User admin logged in successfully
2026-01-13 22:57:03,597 - INFO - User admin logged in successfully
2026-01-13 22:58:55,893 - INFO - User admin logged in successfully
2026-01-13 23:05:14,773 - INFO - User admin logged in successfully
2026-01-13 23:22:20,132 - INFO - User admin logged in successfully
2026-01-13 23:22:39,350 - INFO - User admin logged in successfully
2026-01-13 23:25:32,547 - INFO - User admin logged in successfully
2026-01-13 23:27:38,523 - INFO - User admin logged in successfully
2026-01-13 23:33:35,925 - INFO - User admin logged in successfully
2026-01-13 23:43:31,108 - INFO - User admin logged in successfully
2026-01-13 23:51:14,284 - INFO - User admin logged in successfully
2026-01-13 23:52:36,395 - INFO - User admin logged out
2026-01-13 23:55:36,000 - INFO - User admin logged in successfully
2026-01-14 00:15:11,756 - INFO - User admin logged in successfully
2026-01-14 00:20:41,499 - INFO - User admin logged out
2026-01-14 00:21:22,570 - INFO - User superadmin logged in successfully
2026-01-14 00:46:26,000 - INFO - User admin logged in successfully
2026-01-14 00:49:47,379 - INFO - User admin logged in successfully
2026-01-14 00:55:44,757 - INFO - User admin logged out
2026-01-14 00:55:57,673 - INFO - User superadmin logged in successfully
2026-01-14 00:58:07,887 - INFO - User superadmin logged in successfully
2026-01-14 02:34:15,702 - INFO - User admin logged in successfully
2026-01-14 02:58:54,189 - INFO - User admin logged in successfully
2026-01-14 03:08:21,151 - INFO - User admin logged out
2026-01-14 03:08:33,631 - INFO - User superadmin logged in successfully
2026-01-15 02:10:24,685 - INFO - User admin logged in successfully
2026-01-15 02:14:58,269 - INFO - User admin logged in successfully
2026-01-15 02:23:19,332 - INFO - User admin logged in successfully
2026-01-15 02:49:09,558 - INFO - User admin logged in successfully
2026-01-15 02:50:28,818 - INFO - User admin logged in successfully
2026-01-15 02:52:43,202 - INFO - User admin logged out
2026-01-15 02:52:55,383 - INFO - User superadmin logged in successfully
2026-01-15 02:55:03,816 - INFO - User superadmin logged out
2026-01-15 02:55:08,807 - INFO - Failed login attempt for user: Qari
2026-01-15 02:55:11,697 - INFO - Failed login attempt for user: Qari
2026-01-15 02:55:20,938 - INFO - Failed login attempt for user: Qari
2026-01-15 02:55:37,421 - INFO - User superadmin logged in successfully
2026-01-15 02:55:58,805 - INFO - User superadmin logged out
2026-01-15 02:56:04,465 - INFO - User Qair logged in successfully
2026-01-15 03:04:52,071 - INFO - User admin logged in successfully
2026-01-15 03:06:15,803 - INFO - User admin logged in successfully
2026-01-15 03:07:15,332 - INFO - User admin logged in successfully
2026-01-15 03:07:54,405 - INFO - User admin logged out
2026-01-15 03:08:07,131 - INFO - User superadmin logged in successfully
2026-01-15 03:08:30,540 - INFO - User superadmin logged out
2026-01-15 03:08:37,144 - INFO - User Qari logged in successfully
2026-01-15 03:08:53,356 - INFO - User Qari logged out
2026-01-15 03:09:36,360 - INFO - User manager logged in successfully
2026-01-15 03:13:42,169 - INFO - Failed login attempt for user: admin
2026-01-15 03:13:45,547 - INFO - User admin logged in successfully
2026-01-15 15:06:00,587 - INFO - User admin logged in successfully
2026-01-15 15:13:57,379 - INFO - User admin logged out
2026-01-15 15:14:08,475 - INFO - User superadmin logged in successfully
2026-01-15 15:14:25,461 - INFO - User superadmin logged out
2026-01-15 15:14:30,206 - INFO - User Qari logged in successfully
2026-01-15 15:14:33,162 - INFO - User Qari logged out
2026-01-15 15:14:48,068 - INFO - User superadmin logged in successfully
2026-01-15 15:15:19,644 - INFO - User superadmin logged out
2026-01-15 15:15:24,604 - INFO - User Qari logged in successfully
2026-01-15 15:16:00,262 - INFO - User Qari logged out
2026-01-15 15:16:06,864 - INFO - Failed login attempt for user: manager
2026-01-15 15:16:11,293 - INFO - User manager logged in successfully
2026-01-15 15:16:27,977 - INFO - User manager logged out
2026-01-15 15:16:55,368 - INFO - User sales logged in successfully
2026-01-15 15:17:11,094 - INFO - User sales logged out
2026-01-15 15:17:25,406 - INFO - User pricecheck logged in successfully
2026-01-15 15:17:51,927 - INFO - User pricecheck logged out
2026-01-15 15:21:36,332 - INFO - User admin logged in successfully
2026-01-15 15:21:37,996 - INFO - User admin logged out
2026-01-15 15:23:45,261 - INFO - User admin logged in successfully
2026-01-15 15:28:50,277 - INFO - User admin logged out
2026-01-15 15:37:12,829 - INFO - User admin logged in successfully
2026-01-15 15:42:28,157 - INFO - User admin logged out
2026-01-15 15:42:39,744 - INFO - User superadmin logged in successfully
2026-01-15 15:43:33,557 - INFO - User superadmin logged out
2026-01-15 15:43:37,581 - INFO - User Qari logged in successfully
2026-01-15 15:43:58,325 - INFO - User Qari logged out
2026-01-15 15:44:08,128 - INFO - Failed login attempt for user: superadmin
2026-01-15 15:44:15,171 - INFO - User superadmin logged in successfully
2026-01-15 15:44:36,425 - INFO - User superadmin logged out
2026-01-15 15:44:41,563 - INFO - User Qari logged in successfully
2026-01-15 15:45:40,471 - INFO - User Qari logged out
2026-01-15 15:45:45,494 - INFO - User admin logged in successfully
2026-01-15 21:16:53,266 - INFO - User admin logged in successfully
2026-01-15 22:07:33,774 - INFO - User admin logged in successfully
2026-01-15 22:07:55,583 - INFO - User admin logged in successfully
2026-01-15 22:08:29,855 - INFO - User admin logged out
2026-01-15 22:08:35,735 - INFO - User admin logged in successfully
2026-01-15 23:06:48,989 - INFO - User admin logged in successfully
2026-01-15 23:09:19,690 - INFO - User admin logged in successfully
2026-01-15 23:09:29,336 - INFO - User admin logged out
2026-01-15 23:09:48,303 - INFO - User superadmin logged in successfully
2026-01-15 23:16:01,884 - INFO - User superadmin logged out
2026-01-15 23:16:10,990 - INFO - User admin logged in successfully
2026-01-15 23:19:58,300 - INFO - User admin logged out
2026-01-15 23:20:09,445 - INFO - User superadmin logged in successfully
2026-01-15 23:35:33,422 - INFO - User admin logged in successfully
2026-01-15 23:43:14,898 - INFO - User admin logged out
2026-01-15 23:56:01,582 - INFO - Failed login attempt for user: admin
2026-01-15 23:56:04,429 - INFO - User admin logged in successfully
2026-01-16 00:31:49,567 - INFO - User admin logged in successfully
2026-01-16 00:41:45,567 - INFO - User admin logged in successfully
2026-01-16 01:04:51,265 - INFO - User admin logged in successfully
2026-01-16 01:58:27,568 - INFO - User admin logged in successfully
2026-01-16 02:45:36,124 - INFO - User admin logged out
2026-01-16 02:46:03,016 - INFO - User superadmin logged in successfully
2026-01-16 04:24:40,837 - INFO - User admin logged in successfully
2026-01-16 13:16:20,830 - INFO - User admin logged in successfully
2026-01-16 15:05:59,310 - INFO - User admin logged in successfully
2026-01-16 15:06:06,606 - INFO - User admin logged in successfully
2026-01-16 15:09:31,992 - INFO - Failed login attempt for user: admin
2026-01-16 15:09:36,158 - INFO - Failed login attempt for user: admin
2026-01-16 15:09:46,622 - INFO - User admin logged in successfully
2026-01-16 15:10:35,277 - INFO - User admin logged in successfully
2026-01-16 15:10:48,046 - INFO - User sales logged in successfully
2026-01-16 15:12:12,154 - INFO - User superadmin logged in successfully
2026-01-16 15:18:00,768 - INFO - Failed login attempt for user: admin
2026-01-16 15:18:04,784 - INFO - User admin logged in successfully
2026-01-16 15:19:07,987 - INFO - User admin logged in successfully
2026-01-16 15:19:40,181 - INFO - User admin logged in successfully
2026-01-16 15:21:42,965 - INFO - User admin logged in successfully
2026-01-16 15:22:41,344 - INFO - User admin logged in successfully
2026-01-16 15:25:30,050 - INFO - User superadmin logged in successfully
2026-01-16 15:26:07,901 - INFO - User superadmin logged out
2026-01-16 15:26:13,576 - INFO - Failed login attempt for user: admin
2026-01-16 15:26:20,269 - INFO - User admin logged in successfully
2026-01-16 15:27:49,173 - INFO - Failed login attempt for user: admin
2026-01-16 15:27:52,153 - INFO - User admin logged in successfully
2026-01-16 21:42:37,587 - INFO - Failed login attempt for user: admin
2026-01-16 21:42:42,135 - INFO - User admin logged in successfully
2026-01-16 21:43:13,518 - INFO - User admin logged in successfully
2026-01-16 22:45:51,395 - INFO - User admin logged in successfully
2026-01-16 23:06:01,077 - INFO - User admin logged in successfully
2026-01-16 23:07:02,858 - INFO - Failed login attempt for user: admin
2026-01-16 23:07:06,290 - INFO - User admin logged in successfully
2026-01-16 23:32:38,788 - INFO - User admin logged in successfully
2026-01-16 23:38:36,884 - INFO - User admin logged out
2026-01-16 23:38:51,356 - INFO - User superadmin logged in successfully
2026-01-16 23:39:09,116 - INFO - User superadmin logged out
2026-01-16 23:39:14,290 - INFO - User Qari logged in successfully
2026-01-17 00:02:15,203 - INFO - User admin logged in successfully
2026-01-17 00:05:00,416 - INFO - User admin logged out
2026-01-17 00:05:06,435 - INFO - Failed login attempt for user: Qari
2026-01-17 00:05:09,934 - INFO - Failed login attempt for user: Qari
2026-01-17 00:05:23,483 - INFO - Failed login attempt for user: Qari
2026-01-17 00:05:42,014 - INFO - User admin logged in successfully
2026-01-17 00:06:59,217 - INFO - User admin logged out
2026-01-17 00:07:04,288 - INFO - Failed login attempt for user: test
2026-01-17 00:07:15,854 - INFO - User admin logged in successfully
2026-01-17 00:07:32,466 - INFO - User admin logged out
2026-01-17 00:07:38,690 - INFO - Failed login attempt for user: test
2026-01-17 00:07:49,868 - INFO - User admin logged in successfully
2026-01-17 00:08:58,773 - INFO - User admin logged in successfully
2026-01-17 00:10:37,880 - INFO - User admin logged in successfully
2026-01-17 00:13:35,381 - INFO - User admin logged in successfully
2026-01-17 00:20:32,018 - INFO - User admin logged in successfully
2026-01-17 00:26:30,826 - INFO - User admin logged in successfully
2026-01-17 00:34:01,339 - INFO - User admin logged in successfully
2026-01-17 00:34:26,136 - INFO - User admin logged in successfully
2026-01-17 00:38:52,652 - INFO - User admin logged in successfully
2026-01-17 00:40:58,086 - INFO - User admin logged in successfully
2026-01-17 00:42:42,210 - INFO - User admin logged in successfully
2026-01-17 00:56:16,451 - INFO - User admin logged in successfully
2026-01-17 01:06:47,285 - INFO - User admin logged in successfully
2026-01-17 01:15:21,638 - INFO - User admin logged in successfully
2026-01-17 01:15:53,859 - INFO - User admin logged in successfully
2026-01-17 01:28:46,896 - INFO - User admin logged in successfully
2026-01-17 01:34:44,039 - INFO - User admin logged out
2026-01-17 01:38:36,186 - INFO - User admin logged in successfully
2026-01-17 01:51:46,868 - INFO - User admin logged in successfully
2026-01-17 01:52:52,367 - INFO - User admin logged in successfully
2026-01-17 01:54:10,587 - INFO - User admin logged in successfully
2026-01-17 01:56:31,218 - INFO - User admin logged in successfully
2026-01-17 02:01:03,199 - INFO - User admin logged in successfully
2026-01-17 02:05:05,167 - INFO - User admin logged in successfully
2026-01-17 02:05:42,907 - INFO - User admin logged in successfully
2026-01-17 02:08:32,430 - INFO - User admin logged in successfully
2026-01-17 02:10:27,059 - INFO - User admin logged in successfully
2026-01-17 02:11:22,570 - INFO - User admin logged in successfully
2026-01-17 02:14:28,278 - INFO - User admin logged in successfully
2026-01-17 02:15:41,832 - INFO - User admin logged in successfully
2026-01-17 02:28:03,787 - INFO - User admin logged in successfully
2026-01-17 02:33:50,359 - INFO - User admin logged in successfully
2026-01-17 02:39:11,582 - INFO - User admin logged in successfully
2026-01-17 02:45:54,565 - INFO - User admin logged out
2026-01-17 02:46:05,576 - INFO - Failed login attempt for user: sueradmin
2026-01-17 02:49:32,566 - INFO - Failed login attempt for user: sueradmin
2026-01-17 02:49:45,140 - INFO - Failed login attempt for user: secure_Sys_2026!
2026-01-17 02:49:54,629 - INFO - User superadmin logged in successfully
2026-01-17 02:50:32,448 - INFO - User superadmin logged out
2026-01-17 02:51:46,047 - INFO - User superadmin logged in successfully
2026-01-17 17:02:10,603 - INFO - User admin logged in successfully
2026-01-17 17:04:46,593 - INFO - User admin logged out
2026-01-17 17:04:56,793 - INFO - User superadmin logged in successfully
2026-01-17 23:57:36,120 - INFO - User admin logged in successfully
2026-01-17 23:58:58,038 - INFO - User admin logged out
2026-01-17 23:59:11,228 - INFO - User superadmin logged in successfully
2026-01-18 00:00:59,704 - INFO - User superadmin logged out
2026-01-18 00:01:04,558 - INFO - User Pharmacy logged in successfully
2026-01-18 00:01:21,971 - INFO - User Pharmacy logged out
2026-01-18 00:01:32,833 - INFO - User superadmin logged in successfully
2026-01-18 00:01:47,023 - INFO - User superadmin logged out
2026-01-18 00:01:52,025 - INFO - User Pharmacy logged in successfully
2026-01-18 00:30:05,861 - INFO - User Pharmacy logged out
2026-01-18 00:30:11,542 - INFO - User Pharmacy logged in successfully
2026-01-18 00:50:10,521 - INFO - User admin logged in successfully
2026-01-18 00:52:26,154 - INFO - User admin logged in successfully
2026-01-18 01:14:53,044 - INFO - User admin logged in successfully
2026-01-18 01:22:38,851 - INFO - User admin logged in successfully
2026-01-18 01:32:39,813 - INFO - User admin logged in successfully
2026-01-18 01:46:04,180 - INFO - User admin logged in successfully
2026-01-18 01:47:55,556 - INFO - User admin logged in successfully
2026-01-18 01:49:20,387 - INFO - User admin logged in successfully
2026-01-18 02:01:46,149 - INFO - User admin logged in successfully
2026-01-18 02:02:56,303 - INFO - User admin logged out
2026-01-18 02:03:01,353 - INFO - User zubaid logged in successfully
2026-01-18 02:05:24,505 - INFO - User zubaid logged out
2026-01-18 02:05:29,721 - INFO - User admin logged in successfully
2026-01-18 02:14:14,996 - INFO - User admin logged in successfully
2026-01-18 02:15:41,462 - INFO - User admin logged in successfully
2026-01-18 02:21:21,860 - INFO - User admin logged in successfully
2026-01-18 02:25:31,542 - INFO - User admin logged in successfully
2026-01-18 02:25:54,609 - INFO - User admin logged out
2026-01-18 02:25:59,792 - INFO - User zubaid logged in successfully
2026-01-18 02:26:05,951 - INFO - User zubaid logged out
2026-01-18 02:26:11,890 - INFO - User admin logged in successfully
2026-01-18 02:26:43,752 - INFO - User admin logged out
2026-01-18 02:26:51,203 - INFO - User zubaid logged in successfully
2026-01-18 02:27:26,633 - INFO - User zubaid logged out
2026-01-18 02:27:31,751 - INFO - User admin logged in successfully
2026-01-18 03:05:58,055 - INFO - User admin logged in successfully
2026-01-18 03:12:37,019 - INFO - User admin logged in successfully
2026-01-18 03:13:10,662 - INFO - User admin logged in successfully
2026-01-18 03:18:27,873 - INFO - User admin logged in successfully
2026-01-18 03:28:13,266 - INFO - User admin logged in successfully
2026-01-18 03:29:47,679 - INFO - User admin logged in successfully
2026-01-18 03:43:34,866 - INFO - User admin logged in successfully
2026-01-18 03:44:43,716 - INFO - User admin logged in successfully
2026-01-18 03:49:47,230 - INFO - User admin logged out
2026-01-18 03:49:51,581 - INFO - User zubaid logged in successfully
2026-01-18 03:58:48,824 - INFO - User zubaid logged in successfully
2026-01-18 03:59:04,581 - INFO - User zubaid logged out
2026-01-18 03:59:08,265 - INFO - Failed login attempt for user: admin123
2026-01-18 03:59:13,182 - INFO - User admin logged in successfully
2026-01-18 04:00:20,881 - INFO - User admin logged out
2026-01-18 04:00:26,638 - INFO - User Padmin logged in successfully
2026-01-18 04:00:31,414 - INFO - User Padmin logged out
2026-01-18 04:00:36,150 - INFO - User admin logged in successfully
2026-01-18 04:00:40,581 - INFO - User admin logged out
2026-01-18 04:00:45,698 - INFO - User admin logged in successfully
2026-01-18 04:00:58,495 - INFO - User admin logged out
2026-01-18 04:01:10,016 - INFO - User superadmin logged in successfully
2026-01-18 04:37:04,354 - INFO - User admin logged in successfully
2026-01-18 04:38:21,215 - INFO - User admin logged in successfully
2026-01-18 04:39:05,607 - INFO - Failed login attempt for user: admin
2026-01-18 04:39:08,914 - INFO - User admin logged in successfully
2026-01-18 04:43:10,307 - INFO - User admin logged in successfully
2026-01-18 04:43:42,254 - INFO - Pharmacy User admin logged in successfully
2026-01-18 04:47:08,649 - INFO - User admin logged out
2026-01-18 04:50:09,238 - INFO - User admin logged in successfully
2026-01-18 04:50:26,515 - INFO - User admin logged out
2026-01-18 04:50:34,385 - INFO - Pharmacy User admin logged in successfully
2026-01-18 04:53:37,905 - INFO - User admin logged in successfully
2026-01-18 04:53:43,042 - INFO - User admin logged out
2026-01-18 04:53:50,013 - INFO - Pharmacy User admin logged in successfully
2026-01-18 04:54:42,019 - INFO - User admin logged in successfully
2026-01-18 04:54:47,492 - INFO - User admin logged out
2026-01-18 04:55:00,219 - INFO - User superadmin logged in successfully
2026-01-18 04:56:38,781 - INFO - User superadmin logged out
2026-01-18 04:56:46,852 - INFO - User admin logged in successfully
2026-01-18 04:57:05,461 - INFO - User admin logged out
2026-01-18 05:02:53,159 - INFO - User admin logged in successfully
2026-01-18 05:03:30,041 - INFO - User admin logged in successfully
2026-01-18 05:03:38,012 - INFO - User admin logged out
2026-01-18 05:03:40,657 - INFO - User admin logged in successfully
2026-01-18 05:04:20,882 - INFO - User admin logged out
2026-01-18 05:05:21,789 - INFO - User admin logged in successfully
2026-01-18 05:05:24,281 - INFO - User admin logged out
2026-01-18 05:05:26,504 - INFO - User admin logged in successfully
2026-01-18 05:05:29,226 - INFO - User admin logged out
2026-01-18 05:05:34,095 - INFO - Pharmacy User admin logged in successfully
2026-01-18 05:05:51,354 - INFO - Pharmacy User admin logged in successfully
2026-01-18 05:06:20,239 - INFO - User admin logged in successfully
2026-01-18 05:06:36,749 - INFO - User admin logged out
2026-01-18 05:06:49,256 - INFO - User superadmin logged in successfully
2026-01-18 05:07:09,749 - INFO - User superadmin logged out
2026-01-18 05:07:18,687 - INFO - Pharmacy User admin logged in successfully
2026-01-18 05:07:46,531 - INFO - Pharmacy User admin logged in successfully
2026-01-18 05:08:12,483 - INFO - Pharmacy User admin logged in successfully
2026-01-18 05:08:48,205 - INFO - User superadmin logged in successfully
2026-01-18 05:11:09,599 - INFO - User superadmin logged out
2026-01-18 05:11:18,788 - INFO - Pharmacy User admin logged in successfully
2026-01-18 05:15:22,374 - INFO - Pharmacy User admin logged in successfully
2026-01-18 05:15:47,691 - INFO - User superadmin logged in successfully
2026-01-18 05:16:31,434 - INFO - User superadmin logged out
2026-01-18 05:16:45,257 - INFO - User superadmin logged in successfully
2026-01-18 05:17:11,202 - INFO - User superadmin logged out
2026-01-18 05:17:18,724 - INFO - User Padmin logged in successfully
2026-01-18 05:18:01,891 - INFO - Pharmacy User admin logged in successfully
2026-01-18 05:21:29,035 - INFO - Pharmacy User admin logged in successfully
2026-01-18 05:22:40,639 - INFO - User admin logged in successfully
2026-01-18 05:24:05,385 - INFO - User admin logged out
2026-01-18 05:24:14,033 - INFO - Pharmacy User admin logged in successfully
2026-01-18 05:24:53,801 - INFO - Pharmacy User admin logged in successfully
2026-01-18 05:25:54,620 - INFO - Pharmacy User Pmanager logged in successfully
2026-01-18 05:26:06,772 - INFO - User admin logged in successfully
2026-01-18 05:26:41,734 - INFO - User admin logged out
2026-01-18 05:26:43,840 - INFO - Pharmacy User Pmanager logged in successfully
2026-01-18 05:29:48,842 - INFO - Pharmacy User psuper logged in successfully
2026-01-18 05:30:30,539 - INFO - User superadmin logged in successfully
2026-01-18 12:27:42,589 - INFO - Pharmacy User admin logged in successfully
2026-01-18 12:31:22,546 - INFO - User admin logged in successfully
2026-01-18 12:36:29,105 - INFO - User admin logged out
2026-01-18 12:36:39,197 - INFO - User Pharmacy logged in successfully
2026-01-18 12:37:01,256 - INFO - User Pharmacy logged out
2026-01-18 12:37:07,189 - INFO - User admin logged in successfully
2026-01-18 12:38:42,724 - INFO - User admin logged out
2026-01-18 12:38:54,069 - INFO - User superadmin logged in successfully
2026-01-18 12:39:22,873 - INFO - User superadmin logged out
2026-01-18 12:42:16,891 - INFO - Pharmacy User admin logged in successfully
2026-01-18 12:46:56,043 - INFO - User admin logged in successfully
2026-01-18 12:47:32,889 - INFO - User admin logged out
2026-01-18 12:47:36,327 - INFO - Pharmacy User admin logged in successfully
2026-01-18 13:02:06,553 - INFO - User admin logged in successfully
2026-01-18 13:03:54,886 - INFO - User admin logged out
2026-01-18 13:03:58,758 - INFO - Pharmacy User admin logged in successfully
2026-01-18 13:04:29,619 - INFO - User superadmin logged in successfully
2026-01-18 13:05:08,441 - INFO - User superadmin logged out
2026-01-18 13:05:15,617 - INFO - User admin logged in successfully
2026-01-18 13:05:57,908 - INFO - User admin logged out
2026-01-18 13:06:12,882 - INFO - User admin logged in successfully
2026-01-18 13:06:25,071 - INFO - User admin logged out
2026-01-18 13:06:37,538 - INFO - User superadmin logged in successfully
2026-01-18 13:07:30,659 - INFO - User superadmin logged out
2026-01-18 13:07:35,543 - INFO - User admin logged in successfully
2026-01-18 13:07:42,274 - INFO - User admin logged out
2026-01-18 13:07:47,085 - INFO - Pharmacy User admin logged in successfully
2026-01-18 13:27:20,989 - INFO - Pharmacy User admin logged in successfully
2026-01-18 13:29:23,314 - INFO - Pharmacy User admin logged in successfully
2026-01-18 13:34:00,266 - INFO - Pharmacy User admin logged in successfully
2026-01-18 13:36:21,011 - INFO - Pharmacy User admin logged in successfully
2026-01-18 13:42:15,042 - INFO - Pharmacy User noor logged in successfully
2026-01-18 13:42:32,704 - INFO - Failed login attempt for user: noor
2026-01-18 13:42:56,274 - INFO - User admin logged in successfully
2026-01-18 15:37:22,916 - INFO - User admin logged in successfully
2026-01-18 15:44:03,250 - INFO - User admin logged out
2026-01-18 17:23:42,447 - INFO - User admin logged in successfully
2026-01-19 16:43:28,861 - INFO - Pharmacy User admin logged in successfully
2026-01-19 16:51:11,730 - INFO - Pharmacy User admin logged in successfully
2026-01-19 16:57:54,172 - INFO - Pharmacy User admin logged in successfully
2026-01-19 17:08:53,879 - INFO - Pharmacy User admin logged in successfully
2026-01-19 17:32:23,331 - INFO - Pharmacy User admin logged in successfully
2026-01-19 17:35:23,652 - INFO - User admin logged in successfully
2026-01-19 17:38:33,449 - INFO - User admin logged in successfully
2026-01-19 17:39:15,304 - INFO - User admin logged in successfully
2026-01-19 17:43:01,811 - INFO - User admin logged in successfully
2026-01-19 17:46:06,737 - INFO - User admin logged out
2026-01-19 17:46:11,733 - INFO - Pharmacy User admin logged in successfully
2026-01-19 17:46:19,778 - INFO - User admin logged in successfully
2026-01-19 17:46:52,271 - INFO - User admin logged out
2026-01-19 17:49:33,110 - INFO - User superadmin logged in successfully
2026-01-19 17:59:30,463 - INFO - Pharmacy User admin logged in successfully
2026-01-19 18:04:59,447 - INFO - Pharmacy User admin logged in successfully
2026-01-19 18:20:49,409 - INFO - Pharmacy User admin logged in successfully
2026-01-19 18:21:53,299 - INFO - Pharmacy User admin logged in successfully
2026-01-19 18:24:23,870 - INFO - Pharmacy User admin logged in successfully
2026-01-19 18:26:58,373 - INFO - Pharmacy User admin logged in successfully
2026-01-19 18:27:26,618 - INFO - Pharmacy User admin logged in successfully
2026-01-19 18:31:45,599 - INFO - Pharmacy User admin logged in successfully
2026-01-19 18:44:06,654 - INFO - Pharmacy User admin logged in successfully
2026-01-19 18:44:52,748 - INFO - Pharmacy User admin logged in successfully
2026-01-19 18:46:53,134 - INFO - Pharmacy User admin logged in successfully
2026-01-19 18:52:17,942 - INFO - Pharmacy User admin logged in successfully
2026-01-19 18:59:55,646 - INFO - Pharmacy User admin logged in successfully
2026-01-19 19:05:17,168 - INFO - Pharmacy User admin logged in successfully
2026-01-19 19:20:13,846 - INFO - Pharmacy User admin logged in successfully
2026-01-19 19:22:17,186 - INFO - User admin logged in successfully
2026-01-19 20:49:05,737 - INFO - Pharmacy User admin logged in successfully
2026-01-19 20:52:19,668 - INFO - Pharmacy User noor logged in successfully
2026-01-19 21:15:01,797 - INFO - Pharmacy User admin logged in successfully
2026-01-19 21:17:19,249 - INFO - Pharmacy User noor logged in successfully
2026-01-19 21:21:47,725 - INFO - Pharmacy User admin logged in successfully
2026-01-19 21:22:23,934 - INFO - Pharmacy User admin logged in successfully
2026-01-19 21:27:20,956 - INFO - Pharmacy User admin logged in successfully
2026-01-19 21:30:39,898 - INFO - Pharmacy User admin logged in successfully
2026-01-19 21:36:01,226 - INFO - Pharmacy User admin logged in successfully
2026-01-19 21:36:28,812 - INFO - Pharmacy User admin logged in successfully
2026-01-19 21:39:18,119 - INFO - Pharmacy User admin logged in successfully
2026-01-19 21:41:10,913 - INFO - Pharmacy User admin logged in successfully
2026-01-19 21:41:58,625 - INFO - Pharmacy User admin logged in successfully
2026-01-19 21:50:08,116 - INFO - Pharmacy User admin logged in successfully
2026-01-19 21:50:46,244 - INFO - Pharmacy User admin logged in successfully
2026-01-19 21:52:24,520 - INFO - Pharmacy User admin logged in successfully
2026-01-19 21:55:03,337 - INFO - Pharmacy User admin logged in successfully
2026-01-19 21:58:55,875 - INFO - Pharmacy User admin logged in successfully
2026-01-19 21:59:32,787 - INFO - Pharmacy User admin logged in successfully
2026-01-19 22:05:57,003 - INFO - Pharmacy User admin logged in successfully
2026-01-19 22:08:11,440 - INFO - Pharmacy User admin logged in successfully
2026-01-19 22:20:41,897 - INFO - User admin logged in successfully
2026-01-20 01:58:35,501 - INFO - Pharmacy User admin logged in successfully
2026-01-20 01:58:50,081 - INFO - User admin logged in successfully
2026-01-20 02:20:40,710 - INFO - User superadmin logged in successfully
2026-01-20 02:20:44,449 - INFO - HTTP Request: GET https://gwmtlvquhlqtkyynuexf.supabase.co/rest/v1/installations?select=%2A&order=installation_time.desc "HTTP/2 404 Not Found"
2026-01-20 02:20:57,514 - INFO - HTTP Request: GET https://gwmtlvquhlqtkyynuexf.supabase.co/rest/v1/installations?select=%2A&order=installation_time.desc "HTTP/2 404 Not Found"
2026-01-20 02:50:23,772 - INFO - User superadmin logged in successfully
2026-01-20 02:50:27,930 - INFO - HTTP Request: GET https://gwmtlvquhlqtkyynuexf.supabase.co/rest/v1/installations?select=%2A&order=installation_time.desc "HTTP/2 200 OK"
2026-01-20 04:41:46,834 - INFO - Pharmacy User admin logged in successfully
2026-01-20 04:41:47,518 - INFO - HTTP Request: GET https://gwmtlvquhlqtkyynuexf.supabase.co/rest/v1/installations?select=%2A&order=installation_time.desc "HTTP/2 200 OK"
2026-01-20 04:41:54,797 - INFO - User admin logged in successfully
2026-01-20 04:47:29,051 - INFO - User superadmin logged in successfully
2026-01-20 04:47:33,127 - INFO - HTTP Request: GET https://gwmtlvquhlqtkyynuexf.supabase.co/rest/v1/installations?select=%2A&order=installation_time.desc "HTTP/2 200 OK"
2026-01-20 04:50:59,857 - INFO - HTTP Request: PATCH https://gwmtlvquhlqtkyynuexf.supabase.co/rest/v1/installations?system_id=eq.SYS-9B80E8FE8A13 "HTTP/2 200 OK"
2026-01-20 04:51:03,846 - INFO - HTTP Request: GET https://gwmtlvquhlqtkyynuexf.supabase.co/rest/v1/installations?select=%2A&order=installation_time.desc "HTTP/2 200 OK"
2026-01-20 04:51:15,947 - INFO - HTTP Request: GET https://gwmtlvquhlqtkyynuexf.supabase.co/rest/v1/installations?select=%2A&order=installation_time.desc "HTTP/2 200 OK"
2026-01-20 04:51:18,161 - INFO - User superadmin logged out
2026-01-20 04:51:24,629 - INFO - User admin logged in successfully
2026-01-20 04:54:06,660 - INFO - User superadmin logged in successfully
2026-01-20 04:54:08,872 - INFO - HTTP Request: GET https://gwmtlvquhlqtkyynuexf.supabase.co/rest/v1/installations?select=%2A&order=installation_time.desc "HTTP/2 200 OK"
2026-01-20 05:10:23,862 - INFO - User superadmin logged in successfully
2026-01-20 05:10:29,737 - INFO - HTTP Request: GET https://gwmtlvquhlqtkyynuexf.supabase.co/rest/v1/installations?select=%2A&order=installation_time.desc "HTTP/2 200 OK"
2026-01-20 05:14:32,016 - INFO - User superadmin logged out
2026-01-20 05:14:40,695 - INFO - User admin logged in successfully
2026-01-20 07:14:59,016 - INFO - User superadmin logged in successfully
2026-01-20 07:15:02,695 - INFO - HTTP Request: GET https://gwmtlvquhlqtkyynuexf.supabase.co/rest/v1/installations?select=%2A&order=installation_time.desc "HTTP/2 200 OK"
2026-01-20 07:57:46,048 - INFO - Failed login attempt for user: superadmin
2026-01-20 07:57:50,928 - INFO - Failed login attempt for user: superadmin
2026-01-20 07:57:54,928 - INFO - Failed login attempt for user: superadmin
2026-01-20 07:58:03,721 - INFO - User superadmin logged in successfully
2026-01-20 07:59:09,392 - INFO - HTTP Request: GET https://gwmtlvquhlqtkyynuexf.supabase.co/rest/v1/installations?select=%2A&order=installation_time.desc "HTTP/2 200 OK"
2026-01-20 07:59:18,224 - INFO - HTTP Request: GET https://gwmtlvquhlqtkyynuexf.supabase.co/rest/v1/installations?select=%2A&order=installation_time.desc "HTTP/2 200 OK"
2026-01-20 07:59:24,519 - INFO - HTTP Request: GET https://gwmtlvquhlqtkyynuexf.supabase.co/rest/v1/installations?select=%2A&order=installation_time.desc "HTTP/2 200 OK"
2026-01-20 08:08:54,405 - INFO - HTTP Request: GET https://gwmtlvquhlqtkyynuexf.supabase.co/rest/v1/installations?select=%2A&order=installation_time.desc "HTTP/2 200 OK"
2026-01-20 08:17:24,578 - INFO - User superadmin logged out
2026-01-20 08:22:39,293 - INFO - Pharmacy User psuper logged in successfully
2026-01-20 08:22:40,766 - INFO - HTTP Request: GET https://gwmtlvquhlqtkyynuexf.supabase.co/rest/v1/installations?select=%2A&order=installation_time.desc "HTTP/2 200 OK"
2026-01-20 08:22:43,121 - INFO - HTTP Request: GET https://gwmtlvquhlqtkyynuexf.supabase.co/rest/v1/installations?select=%2A&order=installation_time.desc "HTTP/2 200 OK"
2026-01-20 08:23:16,144 - INFO - Pharmacy User admin logged in successfully
2026-01-20 08:23:17,219 - INFO - HTTP Request: GET https://gwmtlvquhlqtkyynuexf.supabase.co/rest/v1/installations?select=%2A&order=installation_time.desc "HTTP/2 200 OK"
2026-01-20 09:18:25,160 - INFO - Pharmacy User psuper logged in successfully
2026-01-20 09:18:25,895 - INFO - HTTP Request: GET https://gwmtlvquhlqtkyynuexf.supabase.co/rest/v1/installations?select=%2A&order=installation_time.desc "HTTP/2 200 OK"
2026-01-20 09:18:28,251 - INFO - HTTP Request: GET https://gwmtlvquhlqtkyynuexf.supabase.co/rest/v1/installations?select=%2A&order=installation_time.desc "HTTP/2 200 OK"
2026-01-20 09:19:58,357 - INFO - Pharmacy User admin logged in successfully
2026-01-20 09:19:59,800 - INFO - HTTP Request: GET https://gwmtlvquhlqtkyynuexf.supabase.co/rest/v1/installations?select=%2A&order=installation_time.desc "HTTP/2 200 OK"
2026-01-20 09:21:43,862 - INFO - User admin logged in successfully
2026-01-20 09:26:08,692 - INFO - User admin logged out
2026-01-20 09:26:20,141 - INFO - User superadmin logged in successfully
2026-01-20 09:26:45,810 - INFO - User superadmin logged out
2026-01-20 09:26:51,656 - INFO - User admin logged in successfully
2026-01-20 09:27:18,990 - INFO - User admin logged out
2026-01-20 09:27:33,251 - INFO - User superadmin logged in successfully
2026-01-20 09:32:28,176 - INFO - User admin logged in successfully
2026-01-20 09:34:56,668 - INFO - User admin logged in successfully
2026-01-20 09:43:33,322 - INFO - User admin logged out
2026-01-20 09:43:39,513 - INFO - User admin logged in successfully
2026-01-20 09:44:33,807 - INFO - User admin logged out
2026-01-20 09:44:45,995 - INFO - User superadmin logged in successfully
2026-01-20 09:45:12,208 - INFO - User superadmin logged out
2026-01-20 09:45:19,329 - INFO - User admin logged in successfully
2026-01-20 09:45:39,487 - INFO - User admin logged out
2026-01-20 09:45:49,620 - INFO - Pharmacy User admin logged in successfully
2026-01-20 09:45:51,442 - INFO - HTTP Request: GET https://gwmtlvquhlqtkyynuexf.supabase.co/rest/v1/installations?select=%2A&order=installation_time.desc "HTTP/2 200 OK"
2026-01-20 09:50:05,621 - INFO - Pharmacy User psuper logged in successfully
2026-01-20 09:50:06,330 - INFO - HTTP Request: GET https://gwmtlvquhlqtkyynuexf.supabase.co/rest/v1/installations?select=%2A&order=installation_time.desc "HTTP/2 200 OK"
2026-01-20 09:51:03,491 - INFO - Pharmacy User psuper logged in successfully
2026-01-20 09:51:04,682 - INFO - HTTP Request: GET https://gwmtlvquhlqtkyynuexf.supabase.co/rest/v1/installations?select=%2A&order=installation_time.desc "HTTP/2 200 OK"
2026-01-20 09:51:20,476 - INFO - HTTP Request: GET https://gwmtlvquhlqtkyynuexf.supabase.co/rest/v1/installations?select=%2A&order=installation_time.desc "HTTP/2 200 OK"
2026-01-20 09:53:39,554 - INFO - User admin logged in successfully
2026-01-20 09:55:14,525 - INFO - User admin logged out
2026-01-20 19:59:41,038 - INFO - Pharmacy User psuper logged in successfully
2026-01-20 19:59:42,084 - INFO - HTTP Request: GET https://gwmtlvquhlqtkyynuexf.supabase.co/rest/v1/installations?select=%2A&order=installation_time.desc "HTTP/2 200 OK"
2026-01-20 20:02:11,546 - INFO - HTTP Request: GET https://gwmtlvquhlqtkyynuexf.supabase.co/rest/v1/installations?select=%2A&order=installation_time.desc "HTTP/2 200 OK"
2026-01-20 20:02:11,941 - INFO - HTTP Request: GET https://gwmtlvquhlqtkyynuexf.supabase.co/rest/v1/installations?select=%2A&order=installation_time.desc "HTTP/2 200 OK"
2026-01-20 20:10:18,592 - INFO - Pharmacy User psuper logged in successfully
2026-01-20 20:10:19,233 - INFO - HTTP Request: GET https://gwmtlvquhlqtkyynuexf.supabase.co/rest/v1/installations?select=%2A&order=installation_time.desc "HTTP/2 200 OK"
2026-01-20 21:08:16,686 - INFO - User admin logged in successfully
2026-01-20 21:08:23,945 - INFO - User admin logged out
2026-01-20 21:08:35,676 - INFO - User superadmin logged in successfully
2026-01-20 21:08:47,660 - INFO - HTTP Request: GET https://gwmtlvquhlqtkyynuexf.supabase.co/rest/v1/installations?select=%2A&order=installation_time.desc "HTTP/2 200 OK"
2026-01-20 21:08:50,036 - INFO - HTTP Request: GET https://gwmtlvquhlqtkyynuexf.supabase.co/rest/v1/installations?select=%2A&order=installation_time.desc "HTTP/2 200 OK"
2026-01-20 21:10:08,503 - INFO - HTTP Request: GET https://gwmtlvquhlqtkyynuexf.supabase.co/rest/v1/installations?select=%2A&order=installation_time.desc "HTTP/2 200 OK"
2026-01-20 21:10:47,652 - INFO - User superadmin logged out
2026-01-20 21:10:51,216 - INFO - Pharmacy User admin logged in successfully
2026-01-20 21:13:29,691 - INFO - User superadmin logged in successfully
2026-01-20 21:18:34,868 - INFO - User superadmin logged out
2026-01-20 21:18:49,046 - INFO - Pharmacy User admin logged in successfully
2026-01-21 00:40:19,558 - INFO - Pharmacy User psuper logged in successfully
2026-01-21 00:40:20,234 - INFO - HTTP Request: GET https://gwmtlvquhlqtkyynuexf.supabase.co/rest/v1/installations?select=%2A&order=installation_time.desc "HTTP/2 200 OK"
2026-01-21 00:40:59,637 - INFO - HTTP Request: GET https://gwmtlvquhlqtkyynuexf.supabase.co/rest/v1/installations?select=%2A&order=installation_time.desc "HTTP/2 200 OK"
2026-01-21 00:41:44,612 - INFO - HTTP Request: GET https://gwmtlvquhlqtkyynuexf.supabase.co/rest/v1/installations?select=%2A&order=installation_time.desc "HTTP/2 200 OK"
2026-01-21 00:41:52,113 - INFO - Pharmacy User admin logged in successfully
2026-01-21 00:41:52,647 - INFO - HTTP Request: GET https://gwmtlvquhlqtkyynuexf.supabase.co/rest/v1/installations?select=%2A&order=installation_time.desc "HTTP/2 200 OK"
2026-01-21 00:42:20,081 - INFO - User admin logged in successfully
2026-01-21 00:43:49,558 - INFO - User admin logged in successfully
2026-01-21 00:45:07,239 - INFO - User admin logged out
2026-01-21 01:50:26,192 - INFO - Pharmacy User admin logged in successfully
2026-01-21 01:50:26,990 - INFO - HTTP Request: GET https://gwmtlvquhlqtkyynuexf.supabase.co/rest/v1/installations?select=%2A&order=installation_time.desc "HTTP/2 200 OK"
2026-01-21 01:51:04,753 - INFO - Pharmacy User admin logged in successfully
2026-01-21 01:51:05,493 - INFO - HTTP Request: GET https://gwmtlvquhlqtkyynuexf.supabase.co/rest/v1/installations?select=%2A&order=installation_time.desc "HTTP/2 200 OK"
2026-01-21 01:51:16,173 - INFO - Pharmacy User admin logged in successfully
2026-01-21 01:51:16,687 - INFO - HTTP Request: GET https://gwmtlvquhlqtkyynuexf.supabase.co/rest/v1/installations?select=%2A&order=installation_time.desc "HTTP/2 200 OK"
2026-01-21 01:51:47,576 - INFO - User admin logged in successfully
2026-01-21 01:59:37,487 - INFO - User admin logged out
2026-01-21 01:59:47,806 - INFO - Failed login attempt for user: superadmin
2026-01-21 02:00:01,974 - INFO - User superadmin logged in successfully
2026-01-21 02:00:04,541 - INFO - HTTP Request: GET https://gwmtlvquhlqtkyynuexf.supabase.co/rest/v1/installations?select=%2A&order=installation_time.desc "HTTP/2 200 OK"
2026-01-21 02:03:37,980 - INFO - User admin logged in successfully
2026-01-21 02:14:33,373 - INFO - User admin logged out
2026-01-21 02:14:37,938 - INFO - Pharmacy User admin logged in successfully
2026-01-21 02:20:51,535 - INFO - Failed login attempt for user: admin
2026-01-21 02:20:55,018 - INFO - Failed login attempt for user: admin
2026-01-21 02:20:57,393 - INFO - User admin logged in successfully
2026-01-21 02:28:28,935 - INFO - User admin logged in successfully
2026-01-21 02:32:03,223 - INFO - User admin logged out
2026-01-21 02:32:07,635 - INFO - Pharmacy User admin logged in successfully
2026-01-21 02:32:08,836 - INFO - HTTP Request: GET https://gwmtlvquhlqtkyynuexf.supabase.co/rest/v1/installations?select=%2A&order=installation_time.desc "HTTP/2 200 OK"
2026-01-21 02:33:00,862 - INFO - Pharmacy User admin logged in successfully
2026-01-21 02:33:01,442 - INFO - HTTP Request: GET https://gwmtlvquhlqtkyynuexf.supabase.co/rest/v1/installations?select=%2A&order=installation_time.desc "HTTP/2 200 OK"
2026-01-21 02:33:29,695 - INFO - User admin logged in successfully
2026-01-21 02:36:35,488 - INFO - User admin logged out
2026-01-21 02:36:46,266 - INFO - User superadmin logged in successfully
2026-01-21 02:38:54,948 - INFO - User superadmin logged out
2026-01-21 02:39:00,635 - INFO - Failed login attempt for user: admin
2026-01-21 02:39:05,585 - INFO - Failed login attempt for user: admin
2026-01-21 02:39:08,214 - INFO - User admin logged in successfully
2026-01-21 02:39:17,907 - INFO - User admin logged out
2026-01-21 02:39:29,762 - INFO - User superadmin logged in successfully
2026-01-21 02:40:59,432 - INFO - User superadmin logged out
2026-01-21 02:41:07,042 - INFO - User pricecheck logged in successfully
2026-01-21 02:41:13,747 - INFO - User pricecheck logged out
2026-01-21 02:41:19,211 - INFO - Failed login attempt for user: admin
2026-01-21 02:41:22,562 - INFO - User admin logged in successfully
2026-01-21 02:43:15,421 - INFO - User superadmin logged in successfully
2026-01-21 02:46:30,157 - INFO - User superadmin logged out
2026-01-21 02:46:34,082 - INFO - Pharmacy User admin logged in successfully
2026-01-21 02:46:35,112 - INFO - HTTP Request: GET https://gwmtlvquhlqtkyynuexf.supabase.co/rest/v1/installations?select=%2A&order=installation_time.desc "HTTP/2 200 OK"
2026-01-21 02:55:19,138 - INFO - Pharmacy User admin logged in successfully
2026-01-21 02:55:19,726 - INFO - HTTP Request: GET https://gwmtlvquhlqtkyynuexf.supabase.co/rest/v1/installations?select=%2A&order=installation_time.desc "HTTP/2 200 OK"
2026-01-21 02:57:22,147 - INFO - Failed login attempt for user: admin
2026-01-21 02:57:25,317 - INFO - User admin logged in successfully
2026-01-21 03:05:56,326 - INFO - Pharmacy User admin logged in successfully
2026-01-21 03:05:57,003 - INFO - HTTP Request: GET https://gwmtlvquhlqtkyynuexf.supabase.co/rest/v1/installations?select=%2A&order=installation_time.desc "HTTP/2 200 OK"
2026-01-21 03:07:10,909 - INFO - Pharmacy User psuper logged in successfully
2026-01-21 03:07:12,047 - INFO - HTTP Request: GET https://gwmtlvquhlqtkyynuexf.supabase.co/rest/v1/installations?select=%2A&order=installation_time.desc "HTTP/2 200 OK"
2026-01-21 03:13:56,810 - INFO - Pharmacy User admin logged in successfully
2026-01-21 03:13:57,572 - INFO - HTTP Request: GET https://gwmtlvquhlqtkyynuexf.supabase.co/rest/v1/installations?select=%2A&order=installation_time.desc "HTTP/2 200 OK"
2026-01-21 03:15:30,306 - INFO - Pharmacy User admin logged in successfully
2026-01-21 03:15:30,954 - INFO - HTTP Request: GET https://gwmtlvquhlqtkyynuexf.supabase.co/rest/v1/installations?select=%2A&order=installation_time.desc "HTTP/2 200 OK"
2026-01-21 03:24:45,261 - INFO - Pharmacy User admin logged in successfully
2026-01-21 03:24:45,954 - INFO - HTTP Request: GET https://gwmtlvquhlqtkyynuexf.supabase.co/rest/v1/installations?select=%2A&order=installation_time.desc "HTTP/2 200 OK"
2026-01-21 03:28:48,825 - INFO - Pharmacy User admin logged in successfully
2026-01-21 03:28:49,525 - INFO - HTTP Request: GET https://gwmtlvquhlqtkyynuexf.supabase.co/rest/v1/installations?select=%2A&order=installation_time.desc "HTTP/2 200 OK"
2026-01-21 03:30:40,178 - INFO - Pharmacy User admin logged in successfully
2026-01-21 03:30:40,791 - INFO - HTTP Request: GET https://gwmtlvquhlqtkyynuexf.supabase.co/rest/v1/installations?select=%2A&order=installation_time.desc "HTTP/2 200 OK"
2026-01-21 03:34:16,692 - INFO - Pharmacy User admin logged in successfully
2026-01-21 03:34:24,584 - INFO - HTTP Request: GET https://gwmtlvquhlqtkyynuexf.supabase.co/rest/v1/installations?select=%2A&order=installation_time.desc "HTTP/2 200 OK"
2026-01-21 03:41:40,983 - INFO - Pharmacy User admin logged in successfully
2026-01-21 03:41:41,565 - INFO - HTTP Request: GET https://gwmtlvquhlqtkyynuexf.supabase.co/rest/v1/installations?select=%2A&order=installation_time.desc "HTTP/2 200 OK"
2026-01-21 03:42:21,711 - INFO - Pharmacy User psuper logged in successfully
2026-01-21 03:42:22,312 - INFO - HTTP Request: GET https://gwmtlvquhlqtkyynuexf.supabase.co/rest/v1/installations?select=%2A&order=installation_time.desc "HTTP/2 200 OK"
2026-01-21 03:45:39,693 - INFO - Pharmacy User admin logged in successfully
2026-01-21 03:45:40,560 - INFO - HTTP Request: GET https://gwmtlvquhlqtkyynuexf.supabase.co/rest/v1/installations?select=%2A&order=installation_time.desc "HTTP/2 200 OK"
2026-01-21 13:15:18,310 - INFO - Failed login attempt for user: admin
2026-01-21 13:15:20,813 - INFO - User admin logged in successfully
2026-01-21 13:17:54,243 - INFO - User admin logged in successfully
2026-01-21 13:18:15,051 - INFO - User admin logged out
2026-01-21 13:18:33,953 - INFO - User superadmin logged in successfully
2026-01-21 13:18:39,709 - INFO - HTTP Request: GET https://gwmtlvquhlqtkyynuexf.supabase.co/rest/v1/installations?select=%2A&order=installation_time.desc "HTTP/2 200 OK"
2026-01-21 15:58:44,538 - INFO - User admin logged in successfully
2026-01-21 16:02:30,750 - INFO - User admin logged in successfully
2026-01-21 16:03:04,179 - INFO - User admin logged out
2026-01-21 16:03:10,743 - INFO - Pharmacy User admin logged in successfully
2026-01-21 16:03:11,338 - INFO - HTTP Request: GET https://gwmtlvquhlqtkyynuexf.supabase.co/rest/v1/installations?select=%2A&order=installation_time.desc "HTTP/2 200 OK"
2026-01-21 20:48:07,475 - INFO - Failed login attempt for user: admin
2026-01-21 20:48:09,523 - INFO - User admin logged in successfully
2026-01-21 20:48:42,665 - INFO - User admin logged in successfully
2026-01-21 20:59:59,923 - INFO - User admin logged in successfully
2026-01-21 21:01:34,465 - INFO - User admin logged out
2026-01-21 21:01:40,026 - INFO - Pharmacy User admin logged in successfully
2026-01-21 21:01:40,734 - INFO - HTTP Request: GET https://gwmtlvquhlqtkyynuexf.supabase.co/rest/v1/installations?select=%2A&order=installation_time.desc "HTTP/2 200 OK"
2026-01-21 21:10:04,928 - INFO - Pharmacy User admin logged in successfully
2026-01-21 21:10:05,621 - INFO - HTTP Request: GET https://gwmtlvquhlqtkyynuexf.supabase.co/rest/v1/installations?select=%2A&order=installation_time.desc "HTTP/2 200 OK"
2026-01-21 23:01:00,689 - INFO - Pharmacy User admin logged in successfully
2026-01-21 23:01:02,388 - INFO - HTTP Request: GET https://gwmtlvquhlqtkyynuexf.supabase.co/rest/v1/installations?select=%2A&order=installation_time.desc "HTTP/2 200 OK"
2026-01-22 00:15:14,814 - INFO - Pharmacy User admin logged in successfully
2026-01-22 00:15:16,653 - INFO - HTTP Request: GET https://gwmtlvquhlqtkyynuexf.supabase.co/rest/v1/installations?select=%2A&order=installation_time.desc "HTTP/2 200 OK"
2026-01-22 00:18:01,160 - INFO - User admin logged in successfully
2026-01-22 00:51:02,199 - INFO - User admin logged out
2026-01-22 00:51:06,307 - INFO - User admin logged in successfully
2026-01-22 00:54:07,180 - INFO - User admin logged out
2026-01-22 01:14:21,265 - INFO - User admin logged in successfully
2026-01-22 01:21:58,692 - INFO - User admin logged out
2026-01-22 01:22:03,783 - INFO - Pharmacy User admin logged in successfully
2026-01-22 01:22:05,359 - INFO - HTTP Request: GET https://gwmtlvquhlqtkyynuexf.supabase.co/rest/v1/installations?select=%2A&order=installation_time.desc "HTTP/2 200 OK"
2026-01-22 01:31:37,585 - INFO - Pharmacy User haroon logged in successfully
2026-01-22 01:31:39,224 - INFO - HTTP Request: GET https://gwmtlvquhlqtkyynuexf.supabase.co/rest/v1/installations?select=%2A&order=installation_time.desc "HTTP/2 200 OK"
2026-01-22 01:32:03,467 - INFO - User admin logged in successfully
2026-01-22 01:34:39,661 - INFO - Pharmacy User admin logged in successfully
2026-01-22 01:34:40,419 - INFO - HTTP Request: GET https://gwmtlvquhlqtkyynuexf.supabase.co/rest/v1/installations?select=%2A&order=installation_time.desc "HTTP/2 200 OK"
2026-01-22 01:44:39,877 - INFO - Pharmacy User admin logged in successfully
2026-01-22 01:44:40,538 - INFO - HTTP Request: GET https://gwmtlvquhlqtkyynuexf.supabase.co/rest/v1/installations?select=%2A&order=installation_time.desc "HTTP/2 200 OK"
2026-01-22 01:48:46,603 - INFO - Pharmacy User admin logged in successfully
2026-01-22 01:48:47,829 - INFO - HTTP Request: GET https://gwmtlvquhlqtkyynuexf.supabase.co/rest/v1/installations?select=%2A&order=installation_time.desc "HTTP/2 200 OK"
2026-01-22 22:47:28,985 - INFO - Pharmacy User admin logged in successfully
2026-01-22 22:47:30,102 - INFO - HTTP Request: GET https://gwmtlvquhlqtkyynuexf.supabase.co/rest/v1/installations?select=%2A&order=installation_time.desc "HTTP/2 200 OK"
2026-01-23 02:51:21,584 - INFO - Pharmacy User admin logged in successfully
2026-01-23 02:51:22,365 - INFO - HTTP Request: GET https://gwmtlvquhlqtkyynuexf.supabase.co/rest/v1/installations?select=%2A&order=installation_time.desc "HTTP/2 200 OK"
2026-01-23 02:54:09,640 - INFO - User admin logged in successfully
2026-01-23 03:16:23,396 - INFO - User admin logged in successfully
2026-01-23 03:24:26,864 - INFO - User admin logged in successfully
2026-01-23 03:27:47,827 - INFO - User admin logged in successfully
2026-01-23 03:31:02,569 - INFO - User admin logged in successfully
2026-01-23 03:35:16,843 - INFO - User admin logged in successfully
2026-01-23 03:36:56,332 - INFO - User admin logged in successfully
2026-01-23 03:38:14,704 - INFO - User admin logged in successfully
2026-01-23 03:42:12,543 - INFO - User admin logged in successfully
2026-01-23 03:45:42,359 - INFO - User admin logged in successfully
2026-01-23 03:45:44,462 - INFO - User admin logged out
2026-01-23 03:45:48,042 - INFO - Pharmacy User admin logged in successfully
2026-01-23 04:05:12,267 - INFO - Pharmacy User admin logged in successfully
2026-01-23 04:05:32,977 - INFO - User admin logged in successfully
2026-01-23 04:05:37,530 - INFO - User admin logged out
2026-01-23 04:05:44,041 - INFO - Pharmacy User admin logged in successfully
2026-01-23 04:05:44,659 - INFO - HTTP Request: GET https://gwmtlvquhlqtkyynuexf.supabase.co/rest/v1/installations?select=%2A&order=installation_time.desc "HTTP/2 200 OK"
2026-01-23 04:13:46,654 - INFO - User superadmin logged out
2026-01-23 04:15:17,227 - INFO - HTTP Request: GET https://gwmtlvquhlqtkyynuexf.supabase.co/rest/v1/installations?select=%2A&order=installation_time.desc "HTTP/2 200 OK"
2026-01-23 04:15:21,725 - INFO - HTTP Request: GET https://gwmtlvquhlqtkyynuexf.supabase.co/rest/v1/installations?select=%2A&order=installation_time.desc "HTTP/2 200 OK"
2026-01-23 04:26:14,497 - INFO - Pharmacy User admin logged in successfully
2026-01-23 18:41:02,844 - INFO - Pharmacy User admin logged in successfully
2026-01-23 18:41:04,506 - INFO - HTTP Request: GET https://gwmtlvquhlqtkyynuexf.supabase.co/rest/v1/installations?select=%2A&order=installation_time.desc "HTTP/2 200 OK"
2026-01-24 01:16:28,636 - INFO - Pharmacy User admin logged in successfully
2026-01-24 01:16:31,687 - INFO - HTTP Request: GET https://gwmtlvquhlqtkyynuexf.supabase.co/rest/v1/installations?select=%2A&order=installation_time.desc "HTTP/2 200 OK"
2026-01-24 01:32:00,625 - INFO - Pharmacy User admin logged in successfully
2026-01-24 01:32:01,933 - INFO - HTTP Request: GET https://gwmtlvquhlqtkyynuexf.supabase.co/rest/v1/installations?select=%2A&order=installation_time.desc "HTTP/2 200 OK"
2026-01-24 01:32:17,136 - INFO - User admin logged in successfully
2026-01-24 01:41:36,788 - INFO - Pharmacy User admin logged in successfully
2026-01-24 01:41:37,868 - INFO - HTTP Request: GET https://gwmtlvquhlqtkyynuexf.supabase.co/rest/v1/installations?select=%2A&order=installation_time.desc "HTTP/2 200 OK"
2026-01-24 01:41:44,994 - INFO - Failed login attempt for user: admin
2026-01-24 01:41:47,054 - INFO - User admin logged in successfully
2026-01-24 01:43:16,902 - INFO - User admin logged out
2026-01-24 01:43:33,768 - INFO - HTTP Request: GET https://gwmtlvquhlqtkyynuexf.supabase.co/rest/v1/installations?select=%2A&order=installation_time.desc "HTTP/2 200 OK"
2026-01-24 01:43:36,652 - INFO - HTTP Request: GET https://gwmtlvquhlqtkyynuexf.supabase.co/rest/v1/installations?select=%2A&order=installation_time.desc "HTTP/2 200 OK"
2026-01-24 01:45:33,565 - INFO - Pharmacy User admin logged in successfully
2026-01-24 01:45:35,029 - INFO - HTTP Request: GET https://gwmtlvquhlqtkyynuexf.supabase.co/rest/v1/installations?select=%2A&order=installation_time.desc "HTTP/2 200 OK"
2026-01-24 01:45:48,079 - INFO - HTTP Request: GET https://gwmtlvquhlqtkyynuexf.supabase.co/rest/v1/installations?select=%2A&order=installation_time.desc "HTTP/2 200 OK"
2026-01-24 01:47:03,643 - INFO - HTTP Request: GET https://gwmtlvquhlqtkyynuexf.supabase.co/rest/v1/installations?select=%2A&order=installation_time.desc "HTTP/2 200 OK"
2026-01-24 01:51:31,093 - INFO - Pharmacy User admin logged in successfully
2026-01-24 01:51:31,750 - INFO - HTTP Request: GET https://gwmtlvquhlqtkyynuexf.supabase.co/rest/v1/installations?select=%2A&order=installation_time.desc "HTTP/2 200 OK"
2026-01-24 01:51:53,881 - INFO - Failed login attempt for user: admin
2026-01-24 01:51:58,148 - INFO - User admin logged in successfully
2026-01-24 01:52:07,814 - INFO - User admin logged out
2026-01-24 01:54:17,572 - INFO - User superadmin logged out
2026-01-24 04:27:18,765 - INFO - Pharmacy User admin logged in successfully
2026-01-24 04:27:19,523 - INFO - HTTP Request: GET https://gwmtlvquhlqtkyynuexf.supabase.co/rest/v1/installations?select=%2A&order=installation_time.desc "HTTP/2 200 OK"
2026-01-24 04:27:26,438 - INFO - User admin logged in successfully
2026-01-24 04:27:31,579 - INFO - User admin logged out
2026-01-24 23:32:11,581 - INFO - User admin logged in successfully
2026-01-24 23:32:14,285 - INFO - User admin logged out
2026-01-24 23:32:19,020 - INFO - Pharmacy User admin logged in successfully
2026-01-24 23:32:19,768 - INFO - HTTP Request: GET https://gwmtlvquhlqtkyynuexf.supabase.co/rest/v1/installations?select=%2A&order=installation_time.desc "HTTP/2 200 OK"
2026-01-25 22:29:03,685 - INFO - Pharmacy User admin logged in successfully
2026-01-25 22:29:04,499 - INFO - HTTP Request: GET https://gwmtlvquhlqtkyynuexf.supabase.co/rest/v1/installations?select=%2A&order=installation_time.desc "HTTP/2 200 OK"
2026-01-25 22:29:16,131 - INFO - Failed login attempt for user: admin
2026-01-25 22:29:18,452 - INFO - User admin logged in successfully
2026-01-25 22:29:25,258 - INFO - User admin logged out
2026-01-25 22:30:10,275 - INFO - User superadmin logged out
2026-01-25 22:30:15,040 - INFO - User admin logged in successfully
2026-01-26 11:34:03,408 - INFO - Failed login attempt for user: admin
2026-01-26 11:34:05,926 - INFO - User admin logged in successfully
2026-01-26 11:34:07,703 - INFO - User admin logged out
2026-01-26 11:45:04,448 - INFO - HTTP Request: GET https://gwmtlvquhlqtkyynuexf.supabase.co/rest/v1/installations?select=%2A&order=installation_time.desc "HTTP/2 200 OK"
2026-01-26 11:45:07,065 - INFO - HTTP Request: GET https://gwmtlvquhlqtkyynuexf.supabase.co/rest/v1/installations?select=%2A&order=installation_time.desc "HTTP/2 200 OK"
2026-01-26 11:45:37,675 - INFO - User superadmin logged out
2026-01-26 11:49:00,483 - INFO - User superadmin logged out
2026-01-26 12:40:08,992 - INFO - Failed login attempt for user: admin
2026-01-26 12:40:11,499 - INFO - User admin logged in successfully
2026-01-26 12:40:13,628 - INFO - User admin logged out
2026-01-26 12:40:24,585 - INFO - HTTP Request: GET https://gwmtlvquhlqtkyynuexf.supabase.co/rest/v1/installations?select=%2A&order=installation_time.desc "HTTP/2 200 OK"
2026-01-26 17:14:46,466 - INFO - User admin logged in successfully
2026-01-26 23:06:08,419 - INFO - Failed login attempt for user: admin
2026-01-26 23:06:11,098 - INFO - User admin logged in successfully
2026-01-26 23:06:13,873 - INFO - User admin logged out
2026-01-31 21:57:19,367 - INFO - Pharmacy User admin logged in successfully
2026-01-31 21:57:19,864 - INFO - HTTP Request: GET https://gwmtlvquhlqtkyynuexf.supabase.co/rest/v1/installations?select=%2A&order=installation_time.desc "HTTP/2 200 OK"
